lerna(verbose) GitUtilities.isInitialized    ()
lerna(verbose) GitUtilities.isInitialized    () => true
lerna(verbose) GitUtilities.getTopLevelDirectory()
lerna(verbose) GitUtilities.getTopLevelDirectory() => "."
lerna(verbose) FileSystemUtilities.existsSync("./lerna.json")
lerna(verbose) FileSystemUtilities.existsSync("./lerna.json") => true
lerna(verbose) FileSystemUtilities.readFileSync("./lerna.json")
lerna(verbose) FileSystemUtilities.readFileSync("./lerna.json") => "{\n  \"lerna\": \"2.0.0-beta.31\",\n  \"packages\": [\n    \"packages/*\"\n  ],\n  \"version\": \"0.0.0\"\n}"
lerna(verbose) FileSystemUtilities.existsSync("./package.json")
lerna(verbose) FileSystemUtilities.existsSync("./package.json") => true
lerna(verbose) FileSystemUtilities.readFileSync("./package.json")
lerna(verbose) FileSystemUtilities.readFileSync("./package.json") => "{\n  \"name\": \"phenomic\",\n  \"scripts\": {\n    \"build\": \"lerna --ignore *-docs exec -- babel src --optional runtime --out-dir lib --ignore '__tests__'\"\n  },\n  \"devDependencies\": {\n    \"babel-cli\": \"^6.18.0\",\n    \"babel-core\": \"^6.20.0\",\n    \"babel-loader\": \"^6.2.9\",\n    \"babel-plugin-transform-async-to-generator\": \"^6.16.0\",\n    \"babel-plugin-transform-object-rest-spread\": \"^6.20.2\",\n    \"babel-preset-es2015\": \"^6.18.0\",\n    \"babel-preset-react\": \"^6.16.0\",\n    \"jest\": \"^18.0.0\",\n    \"lerna\": \"2.0.0-beta.31\",\n    \"react-test-renderer\": \"^15.4.1\"\n  },\n  \"dependencies\": {\n    \"babel-plugin-transform-runtime\": \"^6.15.0\",\n    \"babel-runtime\": \"^6.20.0\"\n  }\n}"
lerna(info)    Lerna v2.0.0-beta.31
lerna(verbose) FileSystemUtilities.existsSync("./package.json")
lerna(verbose) FileSystemUtilities.existsSync("./package.json") => true
lerna(verbose) FileSystemUtilities.existsSync("./lerna.json")
lerna(verbose) FileSystemUtilities.existsSync("./lerna.json") => true
lerna(verbose) FileSystemUtilities.existsSync("./VERSION")
lerna(verbose) FileSystemUtilities.existsSync("./VERSION") => false
lerna(verbose) FileSystemUtilities.existsSync("./packages/phenomic-api-client/package.json")
lerna(verbose) FileSystemUtilities.existsSync("./packages/phenomic-api-client/package.json") => true
lerna(verbose) FileSystemUtilities.existsSync("./packages/phenomic-cli/package.json")
lerna(verbose) FileSystemUtilities.existsSync("./packages/phenomic-cli/package.json") => true
lerna(verbose) FileSystemUtilities.existsSync("./packages/phenomic-docs/package.json")
lerna(verbose) FileSystemUtilities.existsSync("./packages/phenomic-docs/package.json") => true
lerna(verbose) FileSystemUtilities.existsSync("./packages/phenomic-plugin-api-related-content/package.json")
lerna(verbose) FileSystemUtilities.existsSync("./packages/phenomic-plugin-api-related-content/package.json") => true
lerna(verbose) FileSystemUtilities.existsSync("./packages/phenomic-plugin-rss-feed/package.json")
lerna(verbose) FileSystemUtilities.existsSync("./packages/phenomic-plugin-rss-feed/package.json") => true
lerna(verbose) FileSystemUtilities.existsSync("./packages/phenomic-plugin-sitemap/package.json")
lerna(verbose) FileSystemUtilities.existsSync("./packages/phenomic-plugin-sitemap/package.json") => true
lerna(verbose) FileSystemUtilities.existsSync("./packages/phenomic-plugin-transform-json/package.json")
lerna(verbose) FileSystemUtilities.existsSync("./packages/phenomic-plugin-transform-json/package.json") => true
lerna(verbose) FileSystemUtilities.existsSync("./packages/phenomic-plugin-transform-markdown/package.json")
lerna(verbose) FileSystemUtilities.existsSync("./packages/phenomic-plugin-transform-markdown/package.json") => true
lerna(verbose) FileSystemUtilities.existsSync("./packages/phenomic-preset-default/package.json")
lerna(verbose) FileSystemUtilities.existsSync("./packages/phenomic-preset-default/package.json") => true
lerna(verbose) FileSystemUtilities.existsSync("./packages/phenomic-react/package.json")
lerna(verbose) FileSystemUtilities.existsSync("./packages/phenomic-react/package.json") => true
lerna(verbose) FileSystemUtilities.existsSync("./packages/phenomic-webpack/package.json")
lerna(verbose) FileSystemUtilities.existsSync("./packages/phenomic-webpack/package.json") => true
lerna(verbose) FileSystemUtilities.existsSync("./packages/phenomic/package.json")
lerna(verbose) FileSystemUtilities.existsSync("./packages/phenomic/package.json") => true
lerna(verbose) Attempting running BootstrapCommand.initialize
lerna(verbose) Successfully ran BootstrapCommand.initialize
lerna(verbose) Attempting running BootstrapCommand.execute
lerna(info)    Bootstrapping 12 packages
lerna(info)    Preinstalling packages
lerna(info)    Installing external dependencies
lerna(verbose) NpmUtilities.installInDir     ("./packages/phenomic-react", ["react@15.3.2","react-dom@15.3.2","react-router@v4.0.0-alpha.6","pheno...)
lerna(verbose) NpmUtilities.installInDir     ("./packages/phenomic-webpack", ["webpack@^1.14.0","webpack-dev-middleware@^1.8.4"])
lerna(error)   NpmUtilities.installInDir     ("./packages/phenomic-react", ["react@15.3.2","react-dom@15.3.2","react-router@v4.0.0-alpha.6","pheno...)
    npm ERR! Darwin 16.1.0
    npm ERR! argv "/Users/bloodyowl/.nvm/versions/node/v5.2.0/bin/node" "/Users/bloodyowl/.nvm/versions/node/v5.2.0/bin/npm" "install" "react@15.3.2" "react-dom@15.3.2" "react-router@v4.0.0-alpha.6" "phenomic-api-client@*"
    npm ERR! node v5.2.0
    npm ERR! npm  v3.3.12
    npm ERR! code E404
    
    npm ERR! 404 Registry returned 404 for GET on https://registry.npmjs.org/phenomic-api-client
    npm ERR! 404 
    npm ERR! 404 'phenomic-api-client' is not in the npm registry.
    npm ERR! 404 You should bug the author to publish it (or use the name yourself!)
    npm ERR! 404 
    npm ERR! 404 Note that you can also install from a
    npm ERR! 404 tarball, folder, http url, or git url.
    
    npm ERR! Please include the following file with any support request:
    npm ERR!     /Users/bloodyowl/Development/BloodyOwl/BlogGen/packages/phenomic-react/npm-debug.log
    
lerna(error)   Errored while running BootstrapCommand.execute
